<!doctype html>
<html>
<head>
<title>Test Results</title>
<body>
<h3 align="center"> Failing Tests</h3>
<p align="center"> The report was created at local 2020/06/11 23:23:24</p>
<p align="center"> The HOMEPAGE test suite was run on the staging environment</p>
<p align="center"> The HOMEPAGE test suite failure count on staging environment is : 2</p>
<p align="center"> The HOMEPAGE test suite total count on staging environment is : 2</p>

<table frame="box" align="center" border="1">
<thead align="left">
<th width="15%">Class Name</th>
<th width="15%">Test Name</th>
<th width="70%">Notes</th>
</thead>
<tr><td width="15%">Tests.SampleTest</td><td width="15%">testGoogleTitleNotPresent</td><td width="50%">org.openqa.selenium.NoSuchElementException: no such element: Unable to locate element: {"method":"name","selector":"q132"}
  (Session info: chrome=83.0.4103.97)</td></tr><tr><td width="15%">Tests.SampleTest</td><td width="15%">Tests.SampleTest: Session ID is null. Using WebDriver after calling quit</td><td width="50%">org.openqa.selenium.NoSuchSessionException: Session ID is null. Using WebDriver after calling quit()</td></tr>
</table>
</body>
</html>
