<!doctype html>
<html>
<head>
<title>Test Results</title>
<body>
<h3 align="center"> Failing Tests</h3>
<p align="center"> The report was created at local 2020/06/15 10:19:57</p>
<p align="center"> The ALL test suite was run on the staging environment</p>
<p align="center"> The ALL test suite failure count on staging environment is : 180</p>
<p align="center"> The ALL test suite total count on staging environment is : 176</p>

<table frame="box" align="center" border="1">
<thead align="left">
<th width="15%">Class Name</th>
<th width="15%">Test Name</th>
<th width="70%">Notes</th>
</thead>
<tr><td width="15%">Tests.StudentContentTests</td><td width="15%">testSecondContentBreadcrumbSocialStudies</td><td width="50%">org.openqa.selenium.TimeoutException: Expected condition failed: waiting for element to be clickable: By.id: question-button (tried for 15 second(s)</td></tr><tr><td width="15%">Tests.StudentContentTests</td><td width="15%">testClickHomeButtonFromBiographies</td><td width="50%">java.lang.AssertionError: Asserts that the user is now on the Biographies Database
	at org.junit.Assert.fail(Assert.java:88)</td></tr><tr><td width="15%">Tests.FooterMenuTests</td><td width="15%">testFirstPrivacyPolicyLink</td><td width="50%">org.openqa.selenium.TimeoutException: Expected condition failed: waiting for visibility of all elements located by By.id: logo (tried for 15 second(s)</td></tr><tr><td width="15%">Tests.FooterMenuTests</td><td width="15%">testFirstPrivacyPolicyLink</td><td width="50%">org.openqa.selenium.TimeoutException: Expected condition failed: waiting for visibility of all elements located by By.linkText: About Us (tried for 15 second(s)</td></tr><tr><td width="15%">Tests.FooterMenuTests</td><td width="15%">testTermsofUseLink</td><td width="50%">org.openqa.selenium.TimeoutException: Expected condition failed: waiting for visibility of all elements located by By.id: logo (tried for 15 second(s)</td></tr><tr><td width="15%">Tests.FooterMenuTests</td><td width="15%">testTermsofUseLink</td><td width="50%">org.openqa.selenium.TimeoutException: Expected condition failed: waiting for visibility of all elements located by By.linkText: About Us (tried for 15 second(s)</td></tr><tr><td width="15%">Tests.FooterMenuTests</td><td width="15%">testCreditsFooterLink</td><td width="50%">org.openqa.selenium.TimeoutException: Expected condition failed: waiting for visibility of all elements located by By.id: logo (tried for 15 second(s)</td></tr><tr><td width="15%">Tests.FooterMenuTests</td><td width="15%">testCreditsFooterLink</td><td width="50%">org.openqa.selenium.TimeoutException: Expected condition failed: waiting for visibility of all elements located by By.linkText: About Us (tried for 15 second(s)</td></tr><tr><td width="15%">Tests.FooterMenuTests</td><td width="15%">testPebbleGoLink</td><td width="50%">org.openqa.selenium.TimeoutException: Expected condition failed: waiting for visibility of all elements located by By.id: logo (tried for 15 second(s)</td></tr><tr><td width="15%">Tests.FooterMenuTests</td><td width="15%">testPebbleGoLink</td><td width="50%">org.openqa.selenium.TimeoutException: Expected condition failed: waiting for visibility of all elements located by By.linkText: About Us (tried for 15 second(s)</td></tr><tr><td width="15%">Tests.FooterMenuTests</td><td width="15%">testCapstoneLogo</td><td width="50%">org.openqa.selenium.TimeoutException: Expected condition failed: waiting for visibility of all elements located by By.id: logo (tried for 15 second(s)</td></tr><tr><td width="15%">Tests.FooterMenuTests</td><td width="15%">testCapstoneLogo</td><td width="50%">org.openqa.selenium.TimeoutException: Expected condition failed: waiting for visibility of all elements located by By.linkText: About Us (tried for 15 second(s)</td></tr><tr><td width="15%">Tests.FooterMenuTests</td><td width="15%">testAboutUsFooterLink</td><td width="50%">org.openqa.selenium.TimeoutException: Expected condition failed: waiting for visibility of all elements located by By.id: logo (tried for 15 second(s)</td></tr><tr><td width="15%">Tests.FooterMenuTests</td><td width="15%">testAboutUsFooterLink</td><td width="50%">org.openqa.selenium.TimeoutException: Expected condition failed: waiting for visibility of all elements located by By.linkText: About Us (tried for 15 second(s)</td></tr><tr><td width="15%">Tests.FooterMenuTests</td><td width="15%">testTermsAndConditionsNoticeLink</td><td width="50%">org.openqa.selenium.TimeoutException: Expected condition failed: waiting for visibility of all elements located by By.id: logo (tried for 15 second(s)</td></tr><tr><td width="15%">Tests.FooterMenuTests</td><td width="15%">testTermsAndConditionsNoticeLink</td><td width="50%">org.openqa.selenium.TimeoutException: Expected condition failed: waiting for visibility of all elements located by By.linkText: About Us (tried for 15 second(s)</td></tr><tr><td width="15%">Tests.FooterMenuTests</td><td width="15%">testSecondPrivacyPolicyLink</td><td width="50%">org.openqa.selenium.TimeoutException: Expected condition failed: waiting for visibility of all elements located by By.id: logo (tried for 15 second(s)</td></tr><tr><td width="15%">Tests.FooterMenuTests</td><td width="15%">testSecondPrivacyPolicyLink</td><td width="50%">org.openqa.selenium.TimeoutException: Expected condition failed: waiting for visibility of all elements located by By.linkText: About Us (tried for 15 second(s)</td></tr><tr><td width="15%">Tests.FooterMenuTests</td><td width="15%">testPrivacyPolicyFooterLink</td><td width="50%">org.openqa.selenium.TimeoutException: Expected condition failed: waiting for visibility of all elements located by By.id: logo (tried for 15 second(s)</td></tr><tr><td width="15%">Tests.FooterMenuTests</td><td width="15%">testPrivacyPolicyFooterLink</td><td width="50%">org.openqa.selenium.TimeoutException: Expected condition failed: waiting for visibility of all elements located by By.linkText: About Us (tried for 15 second(s)</td></tr><tr><td width="15%">Tests.FooterMenuTests</td><td width="15%">testCopyrightFooterLink</td><td width="50%">org.openqa.selenium.TimeoutException: Expected condition failed: waiting for visibility of all elements located by By.id: logo (tried for 15 second(s)</td></tr><tr><td width="15%">Tests.FooterMenuTests</td><td width="15%">testCopyrightFooterLink</td><td width="50%">org.openqa.selenium.TimeoutException: Expected condition failed: waiting for visibility of all elements located by By.linkText: About Us (tried for 15 second(s)</td></tr><tr><td width="15%">Tests.FooterMenuTests</td><td width="15%">testTermsAndConditionsElements</td><td width="50%">org.openqa.selenium.TimeoutException: Expected condition failed: waiting for visibility of all elements located by By.id: logo (tried for 15 second(s)</td></tr><tr><td width="15%">Tests.FooterMenuTests</td><td width="15%">testTermsAndConditionsElements</td><td width="50%">org.openqa.selenium.TimeoutException: Expected condition failed: waiting for visibility of all elements located by By.linkText: About Us (tried for 15 second(s)</td></tr><tr><td width="15%">Tests.FooterMenuTests</td><td width="15%">testPebbleGoEmail</td><td width="50%">org.openqa.selenium.TimeoutException: Expected condition failed: waiting for visibility of all elements located by By.id: logo (tried for 15 second(s)</td></tr><tr><td width="15%">Tests.FooterMenuTests</td><td width="15%">testPebbleGoEmail</td><td width="50%">org.openqa.selenium.TimeoutException: Expected condition failed: waiting for visibility of all elements located by By.linkText: About Us (tried for 15 second(s)</td></tr><tr><td width="15%">Tests.PGOGameTests</td><td width="15%">testMultiMatchSocialStudies</td><td width="50%">org.openqa.selenium.TimeoutException: Expected condition failed: waiting for element to be clickable: By.xpath: //*[@id='predator-label']/span/span[1] (tried for 15 second(s)</td></tr><tr><td width="15%">Tests.PGOGameTests</td><td width="15%">testZoomDinosaurs</td><td width="50%">org.openqa.selenium.TimeoutException: Expected condition failed: waiting for visibility of element located by By.xpath: //*[@id="newZoomButton"]/div (tried for 15 second(s)</td></tr><tr><td width="15%">Tests.PGOGameTests</td><td width="15%">testMultiMatchCiencia</td><td width="50%">org.openqa.selenium.TimeoutException: Expected condition failed: waiting for element to be clickable: By.xpath: //*[@id='predator-label']/span/span[1] (tried for 15 second(s)</td></tr><tr><td width="15%">Tests.PGOGameTests</td><td width="15%">testWordScrambleEstudioSociales</td><td width="50%">org.openqa.selenium.TimeoutException: Expected condition failed: waiting for element to be clickable: By.id: start-button-link (tried for 15 second(s)</td></tr><tr><td width="15%">Tests.PGOGameTests</td><td width="15%">testZoomAnimal</td><td width="50%">org.openqa.selenium.TimeoutException: Expected condition failed: waiting for visibility of element located by By.xpath: //*[@id="newZoomButton"]/div (tried for 15 second(s)</td></tr><tr><td width="15%">Tests.PGOGameTests</td><td width="15%">testQuickMatchAnimales</td><td width="50%">org.openqa.selenium.TimeoutException: Expected condition failed: waiting for visibility of element located by By.xpath: //*[@id="start-button-link"]/div (tried for 15 second(s)</td></tr><tr><td width="15%">Tests.PGOGameTests</td><td width="15%">testQuickMatchCiencia</td><td width="50%">org.openqa.selenium.TimeoutException: Expected condition failed: waiting for visibility of element located by By.xpath: //*[@id="start-button-link"]/div (tried for 15 second(s)</td></tr><tr><td width="15%">Tests.PGOGameTests</td><td width="15%">testJigsawSocialStudies</td><td width="50%">org.openqa.selenium.TimeoutException: Expected condition failed: waiting for visibility of element located by By.xpath: //*[@id="next-puzzle"]/div (tried for 15 second(s)</td></tr><tr><td width="15%">Tests.PGOGameTests</td><td width="15%">testJigsawAnimals</td><td width="50%">org.openqa.selenium.TimeoutException: Expected condition failed: waiting for visibility of element located by By.xpath: //*[@id="next-puzzle"]/div (tried for 15 second(s)</td></tr><tr><td width="15%">Tests.PGOGameTests</td><td width="15%">testMultiMatchBiographies</td><td width="50%">org.openqa.selenium.TimeoutException: Expected condition failed: waiting for element to be clickable: By.xpath: //*[@id='predator-label']/span/span[1] (tried for 15 second(s)</td></tr><tr><td width="15%">Tests.PGOGameTests</td><td width="15%">testWhackDinosaurs</td><td width="50%">org.openqa.selenium.TimeoutException: Expected condition failed: waiting for element to be clickable: By.xpath: //*[@id="start-screen"]/div/div (tried for 15 second(s)</td></tr><tr><td width="15%">Tests.PGOGameTests</td><td width="15%">testJigsawDinosaurs</td><td width="50%">org.openqa.selenium.TimeoutException: Expected condition failed: waiting for visibility of element located by By.xpath: //*[@id="next-puzzle"]/div (tried for 15 second(s)</td></tr><tr><td width="15%">Tests.PGOGameTests</td><td width="15%">testWordScrambleAnimals</td><td width="50%">org.openqa.selenium.TimeoutException: Expected condition failed: waiting for element to be clickable: By.id: start-button-link (tried for 15 second(s)</td></tr><tr><td width="15%">Tests.PGOGameTests</td><td width="15%">testQuickMatchSocialStudies</td><td width="50%">org.openqa.selenium.TimeoutException: Expected condition failed: waiting for visibility of element located by By.xpath: //*[@id="start-button-link"]/div (tried for 15 second(s)</td></tr><tr><td width="15%">Tests.PGOGameTests</td><td width="15%">testWhackSocialStudies</td><td width="50%">org.openqa.selenium.TimeoutException: Expected condition failed: waiting for element to be clickable: By.xpath: //*[@id="start-screen"]/div/div (tried for 15 second(s)</td></tr><tr><td width="15%">Tests.PGOGameTests</td><td width="15%">testMultiMatchScience</td><td width="50%">org.openqa.selenium.TimeoutException: Expected condition failed: waiting for element to be clickable: By.xpath: //*[@id='predator-label']/span/span[1] (tried for 15 second(s)</td></tr><tr><td width="15%">Tests.PGOGameTests</td><td width="15%">testMultiMatchEstudiosSociales</td><td width="50%">org.openqa.selenium.TimeoutException: Expected condition failed: waiting for element to be clickable: By.xpath: //*[@id='predator-label']/span/span[1] (tried for 15 second(s)</td></tr><tr><td width="15%">Tests.PGOGameTests</td><td width="15%">testZoomCiencia</td><td width="50%">org.openqa.selenium.TimeoutException: Expected condition failed: waiting for visibility of element located by By.xpath: //*[@id="newZoomButton"]/div (tried for 15 second(s)</td></tr><tr><td width="15%">Tests.PGOGameTests</td><td width="15%">testWhackAnimals</td><td width="50%">org.openqa.selenium.TimeoutException: Expected condition failed: waiting for element to be clickable: By.xpath: //*[@id="start-screen"]/div/div (tried for 15 second(s)</td></tr><tr><td width="15%">Tests.PGOGameTests</td><td width="15%">testJigsawEstudiosSociales</td><td width="50%">org.openqa.selenium.TimeoutException: Expected condition failed: waiting for visibility of element located by By.xpath: //*[@id="next-puzzle"]/div (tried for 15 second(s)</td></tr><tr><td width="15%">Tests.PGOGameTests</td><td width="15%">testJigsawEstudiosSociales</td><td width="50%">org.openqa.selenium.TimeoutException: Expected condition failed: waiting for visibility of element located by By.id: Animals (tried for 15 second(s)</td></tr><tr><td width="15%">Tests.PGOGameTests</td><td width="15%">testJigsawBiographies</td><td width="50%">org.openqa.selenium.TimeoutException: Expected condition failed: waiting for visibility of element located by By.xpath: //*[@id="next-puzzle"]/div (tried for 15 second(s)</td></tr><tr><td width="15%">Tests.PGOGameTests</td><td width="15%">testWordScrambleDinosaurs</td><td width="50%">org.openqa.selenium.TimeoutException: Expected condition failed: waiting for element to be clickable: By.id: start-button-link (tried for 15 second(s)</td></tr><tr><td width="15%">Tests.PGOGameTests</td><td width="15%">testQuickMatchScience</td><td width="50%">org.openqa.selenium.TimeoutException: Expected condition failed: waiting for visibility of element located by By.xpath: //*[@id="start-button-link"]/div (tried for 15 second(s)</td></tr><tr><td width="15%">Tests.PGOGameTests</td><td width="15%">testWordScrambleSocialStudies</td><td width="50%">org.openqa.selenium.TimeoutException: Expected condition failed: waiting for element to be clickable: By.id: start-button-link (tried for 15 second(s)</td></tr><tr><td width="15%">Tests.PGOGameTests</td><td width="15%">testWhackBiografias</td><td width="50%">org.openqa.selenium.TimeoutException: Expected condition failed: waiting for element to be clickable: By.xpath: //*[@id="start-screen"]/div/div (tried for 15 second(s)</td></tr><tr><td width="15%">Tests.PGOGameTests</td><td width="15%">testQuickMatchEstudiosSociales</td><td width="50%">org.openqa.selenium.TimeoutException: Expected condition failed: waiting for visibility of element located by By.xpath: //*[@id="start-button-link"]/div (tried for 15 second(s)</td></tr><tr><td width="15%">Tests.PGOGameTests</td><td width="15%">testQuickMatchBiografias</td><td width="50%">org.openqa.selenium.TimeoutException: Expected condition failed: waiting for visibility of element located by By.xpath: //*[@id="start-button-link"]/div (tried for 15 second(s)</td></tr><tr><td width="15%">Tests.PGOGameTests</td><td width="15%">testWordScrambleAnimales</td><td width="50%">org.openqa.selenium.TimeoutException: Expected condition failed: waiting for element to be clickable: By.id: start-button-link (tried for 15 second(s)</td></tr><tr><td width="15%">Tests.PGOGameTests</td><td width="15%">testJigsawCiencia</td><td width="50%">org.openqa.selenium.TimeoutException: Expected condition failed: waiting for visibility of element located by By.xpath: //*[@id="next-puzzle"]/div (tried for 15 second(s)</td></tr><tr><td width="15%">Tests.PGOGameTests</td><td width="15%">testQuickMatchBiographies</td><td width="50%">org.openqa.selenium.TimeoutException: Expected condition failed: waiting for visibility of element located by By.xpath: //*[@id="start-button-link"]/div (tried for 15 second(s)</td></tr><tr><td width="15%">Tests.PGOGameTests</td><td width="15%">testWhackBiographies</td><td width="50%">org.openqa.selenium.TimeoutException: Expected condition failed: waiting for element to be clickable: By.xpath: //*[@id="start-screen"]/div/div (tried for 15 second(s)</td></tr><tr><td width="15%">Tests.PGOGameTests</td><td width="15%">testJigsawBiografias</td><td width="50%">org.openqa.selenium.TimeoutException: Expected condition failed: waiting for visibility of element located by By.xpath: //*[@id="next-puzzle"]/div (tried for 15 second(s)</td></tr><tr><td width="15%">Tests.PGOGameTests</td><td width="15%">testZoomScience</td><td width="50%">org.openqa.selenium.TimeoutException: Expected condition failed: waiting for visibility of element located by By.xpath: //*[@id="newZoomButton"]/div (tried for 15 second(s)</td></tr><tr><td width="15%">Tests.PGOGameTests</td><td width="15%">testWordScrambleCiencia</td><td width="50%">org.openqa.selenium.TimeoutException: Expected condition failed: waiting for element to be clickable: By.id: start-button-link (tried for 15 second(s)</td></tr><tr><td width="15%">Tests.PGOGameTests</td><td width="15%">testWhackAnimales</td><td width="50%">org.openqa.selenium.TimeoutException: Expected condition failed: waiting for element to be clickable: By.xpath: //*[@id="start-screen"]/div/div (tried for 15 second(s)</td></tr><tr><td width="15%">Tests.PGOGameTests</td><td width="15%">testMultiMatchAnimals</td><td width="50%">org.openqa.selenium.TimeoutException: Expected condition failed: waiting for element to be clickable: By.xpath: //*[@id='predator-label']/span/span[1] (tried for 15 second(s)</td></tr><tr><td width="15%">Tests.PGOGameTests</td><td width="15%">testWhackCiencia</td><td width="50%">org.openqa.selenium.TimeoutException: Expected condition failed: waiting for element to be clickable: By.xpath: //*[@id="start-screen"]/div/div (tried for 15 second(s)</td></tr><tr><td width="15%">Tests.PGOGameTests</td><td width="15%">testQuickMatchDinosaurs</td><td width="50%">org.openqa.selenium.TimeoutException: Expected condition failed: waiting for visibility of element located by By.xpath: //*[@id="start-button-link"]/div (tried for 15 second(s)</td></tr><tr><td width="15%">Tests.PGOGameTests</td><td width="15%">testZoomEstudiosSociales</td><td width="50%">org.openqa.selenium.TimeoutException: Expected condition failed: waiting for visibility of element located by By.xpath: //*[@id="newZoomButton"]/div (tried for 15 second(s)</td></tr><tr><td width="15%">Tests.PGOGameTests</td><td width="15%">testMultiMatchDinosaurs</td><td width="50%">org.openqa.selenium.TimeoutException: Expected condition failed: waiting for element to be clickable: By.xpath: //*[@id='predator-label']/span/span[1] (tried for 15 second(s)</td></tr><tr><td width="15%">Tests.PGOGameTests</td><td width="15%">testQuickMatchAnimals</td><td width="50%">org.openqa.selenium.TimeoutException: Expected condition failed: waiting for visibility of element located by By.xpath: //*[@id="start-button-link"]/div (tried for 15 second(s)</td></tr><tr><td width="15%">Tests.PGOGameTests</td><td width="15%">testZoomSocialStudies</td><td width="50%">org.openqa.selenium.TimeoutException: Expected condition failed: waiting for visibility of element located by By.xpath: //*[@id="newZoomButton"]/div (tried for 15 second(s)</td></tr><tr><td width="15%">Tests.PGOGameTests</td><td width="15%">testWhackEstudiosSciales</td><td width="50%">org.openqa.selenium.TimeoutException: Expected condition failed: waiting for element to be clickable: By.xpath: //*[@id="start-screen"]/div/div (tried for 15 second(s)</td></tr><tr><td width="15%">Tests.PGOGameTests</td><td width="15%">testWordScrambleBiografias</td><td width="50%">org.openqa.selenium.TimeoutException: Expected condition failed: waiting for element to be clickable: By.id: start-button-link (tried for 15 second(s)</td></tr><tr><td width="15%">Tests.PGOGameTests</td><td width="15%">testWordScrambleBiographies</td><td width="50%">org.openqa.selenium.TimeoutException: Expected condition failed: waiting for element to be clickable: By.id: start-button-link (tried for 15 second(s)</td></tr><tr><td width="15%">Tests.PGOGameTests</td><td width="15%">testZoomBiographies</td><td width="50%">org.openqa.selenium.TimeoutException: Expected condition failed: waiting for visibility of element located by By.xpath: //*[@id="newZoomButton"]/div (tried for 15 second(s)</td></tr><tr><td width="15%">Tests.PGOGameTests</td><td width="15%">testMultiMatchBiografias</td><td width="50%">org.openqa.selenium.TimeoutException: Expected condition failed: waiting for element to be clickable: By.xpath: //*[@id='predator-label']/span/span[1] (tried for 15 second(s)</td></tr><tr><td width="15%">Tests.PGOGameTests</td><td width="15%">testMultiMatchAnimales</td><td width="50%">org.openqa.selenium.TimeoutException: Expected condition failed: waiting for element to be clickable: By.xpath: //*[@id='predator-label']/span/span[1] (tried for 15 second(s)</td></tr><tr><td width="15%">Tests.PGOGameTests</td><td width="15%">testZoomAnimales</td><td width="50%">org.openqa.selenium.TimeoutException: Expected condition failed: waiting for visibility of element located by By.xpath: //*[@id="newZoomButton"]/div (tried for 15 second(s)</td></tr><tr><td width="15%">Tests.PGOGameTests</td><td width="15%">testJigsawAnimales</td><td width="50%">org.openqa.selenium.TimeoutException: Expected condition failed: waiting for visibility of element located by By.xpath: //*[@id="next-puzzle"]/div (tried for 15 second(s)</td></tr><tr><td width="15%">Tests.PGOGameTests</td><td width="15%">testWordScrambleScience</td><td width="50%">org.openqa.selenium.TimeoutException: Expected condition failed: waiting for element to be clickable: By.id: start-button-link (tried for 15 second(s)</td></tr><tr><td width="15%">Tests.PGOGameTests</td><td width="15%">testZoomBiografias</td><td width="50%">org.openqa.selenium.TimeoutException: Expected condition failed: waiting for visibility of element located by By.xpath: //*[@id="newZoomButton"]/div (tried for 15 second(s)</td></tr><tr><td width="15%">Tests.PGOGameTests</td><td width="15%">testWhackScience</td><td width="50%">org.openqa.selenium.TimeoutException: Expected condition failed: waiting for element to be clickable: By.xpath: //*[@id="start-screen"]/div/div (tried for 15 second(s)</td></tr><tr><td width="15%">Tests.LoginTests</td><td width="15%">testUnsignedEula</td><td width="50%">java.lang.NullPointerException
	at Tests.LoginTests.testUnsignedEula(LoginTests.java:134)</td></tr><tr><td width="15%">Tests.LoginTests</td><td width="15%">testDisableArticlesAccessSchoolTeacher</td><td width="50%">java.lang.AssertionError: Tests that a teacher can access Disable Articles after log in
	at org.junit.Assert.fail(Assert.java:88)</td></tr><tr><td width="15%">Tests.LoginTests</td><td width="15%">testStudentSQS</td><td width="50%">java.lang.AssertionError: Tests that a student can log in through an SQS string
	at org.junit.Assert.fail(Assert.java:88)</td></tr><tr><td width="15%">Tests.LoginTests</td><td width="15%">testDisableArticlesAccessSchoolAdmin</td><td width="50%">java.lang.AssertionError: Tests that a school admin user can access Disable Articles after log in
	at org.junit.Assert.fail(Assert.java:88)</td></tr><tr><td width="15%">Tests.LoginTests</td><td width="15%">testDirectASPXURLLogin</td><td width="50%">java.lang.AssertionError: Tests that a student can log in through an ASPX SQS string
	at org.junit.Assert.fail(Assert.java:88)</td></tr><tr><td width="15%">Tests.LoginTests</td><td width="15%">testExpiredSiteMessage</td><td width="50%">java.lang.NullPointerException
	at Tests.LoginTests.testExpiredSiteMessage(LoginTests.java:73)</td></tr><tr><td width="15%">Tests.LoginTests</td><td width="15%">testTeacherCredentials</td><td width="50%">java.lang.AssertionError: Tests that a teacher can sign in and is taken to the teacher homepage
	at org.junit.Assert.fail(Assert.java:88)</td></tr><tr><td width="15%">Tests.NavigationBarTests</td><td width="15%">testFAQElementsPresent</td><td width="50%">java.lang.AssertionError: Asserts that the FAQ button redirects a user to the FAQ page
	at org.junit.Assert.fail(Assert.java:88)</td></tr><tr><td width="15%">Tests.NavigationBarTests</td><td width="15%">testPebbleGoLogo</td><td width="50%">java.lang.AssertionError: Asserts that the PebbleGo Logo redirects to the Main Login page and that all elements are present
	at org.junit.Assert.fail(Assert.java:88)</td></tr><tr><td width="15%">Tests.NavigationBarTests</td><td width="15%">testHomePageTopCommunityLink</td><td width="50%">org.openqa.selenium.NoSuchElementException: no such element: Unable to locate element: {"method":"id","selector":"top-community"}
  (Session info: headless chrome=83.0.4103.97)</td></tr><tr><td width="15%">Tests.NavigationBarTests</td><td width="15%">testPricingButton</td><td width="50%">java.lang.AssertionError: Asserts that the Pricing button redirects a user to the PebbleGo pricing page
	at org.junit.Assert.fail(Assert.java:88)</td></tr><tr><td width="15%">Tests.NavigationBarTests</td><td width="15%">testDocumentButton</td><td width="50%">java.lang.AssertionError: Asserts that the Documents button redirects the user to the Documents page
	at org.junit.Assert.fail(Assert.java:88)</td></tr><tr><td width="15%">Tests.NavigationBarTests</td><td width="15%">testAboutButton</td><td width="50%">org.openqa.selenium.TimeoutException: Expected condition failed: waiting for visibility of all elements located by By.linkText: About Us (tried for 15 second(s)</td></tr><tr><td width="15%">Tests.NavigationBarTests</td><td width="15%">testLoginButton</td><td width="50%">org.openqa.selenium.TimeoutException: Expected condition failed: waiting for visibility of all elements located by By.linkText: About Us (tried for 15 second(s)</td></tr><tr><td width="15%">Tests.NavigationBarTests</td><td width="15%">testContactUsButton</td><td width="50%">java.lang.AssertionError: Asserts that the Contact Us button redirects a user to the Customer Service page
	at org.junit.Assert.fail(Assert.java:88)</td></tr><tr><td width="15%">Tests.NavigationBarTests</td><td width="15%">testSystemRequirementsButton</td><td width="50%">org.openqa.selenium.NoSuchElementException: no such element: Unable to locate element: {"method":"link text","selector":"Check your system?"}
  (Session info: headless chrome=83.0.4103.97)</td></tr><tr><td width="15%">Tests.DisableArticlesTests</td><td width="15%">testDatabaseOffForStudent</td><td width="50%">java.lang.NullPointerException
	at Tests.DisableArticlesTests.testDatabaseOffForStudent(DisableArticlesTests.java:935)</td></tr><tr><td width="15%">Tests.DisableArticlesTests</td><td width="15%">testDatabaseOffForStudent</td><td width="50%">org.openqa.selenium.NoSuchSessionException: invalid session id
  (Driver info: chromedriver=2.43.600229 (3fae4d0cda5334b4f533bede5a4787f7b832d052)</td></tr><tr><td width="15%">Tests.DisableArticlesTests</td><td width="15%">testAnimalsDatabaseLink</td><td width="50%">java.lang.NullPointerException
	at Tests.DisableArticlesTests.testAnimalsDatabaseLink(DisableArticlesTests.java:180)</td></tr><tr><td width="15%">Tests.DisableArticlesTests</td><td width="15%">testAnimalsDatabaseLink</td><td width="50%">org.openqa.selenium.NoSuchSessionException: invalid session id
  (Driver info: chromedriver=2.43.600229 (3fae4d0cda5334b4f533bede5a4787f7b832d052)</td></tr><tr><td width="15%">Tests.DisableArticlesTests</td><td width="15%">testCannotHardLinkIntoArticlesUnderTurnedOffCategory</td><td width="50%">java.lang.NullPointerException
	at Tests.DisableArticlesTests.testCannotHardLinkIntoArticlesUnderTurnedOffCategory(DisableArticlesTests.java:976)</td></tr><tr><td width="15%">Tests.DisableArticlesTests</td><td width="15%">testCannotHardLinkIntoArticlesUnderTurnedOffCategory</td><td width="50%">org.openqa.selenium.NoSuchSessionException: invalid session id
  (Driver info: chromedriver=2.43.600229 (3fae4d0cda5334b4f533bede5a4787f7b832d052)</td></tr><tr><td width="15%">Tests.DisableArticlesTests</td><td width="15%">testDatabaseBreadcrumbDinosaurs</td><td width="50%">java.lang.NullPointerException
	at Tests.DisableArticlesTests.testDatabaseBreadcrumbDinosaurs(DisableArticlesTests.java:483)</td></tr><tr><td width="15%">Tests.DisableArticlesTests</td><td width="15%">testDatabaseBreadcrumbDinosaurs</td><td width="50%">org.openqa.selenium.NoSuchSessionException: invalid session id
  (Driver info: chromedriver=2.43.600229 (3fae4d0cda5334b4f533bede5a4787f7b832d052)</td></tr><tr><td width="15%">Tests.DisableArticlesTests</td><td width="15%">testSocialStudiesDatabaseLink</td><td width="50%">java.lang.NullPointerException
	at Tests.DisableArticlesTests.testSocialStudiesDatabaseLink(DisableArticlesTests.java:262)</td></tr><tr><td width="15%">Tests.DisableArticlesTests</td><td width="15%">testSocialStudiesDatabaseLink</td><td width="50%">org.openqa.selenium.NoSuchSessionException: invalid session id
  (Driver info: chromedriver=2.43.600229 (3fae4d0cda5334b4f533bede5a4787f7b832d052)</td></tr><tr><td width="15%">Tests.DisableArticlesTests</td><td width="15%">testDisableAllThirdLevel</td><td width="50%">java.lang.NullPointerException
	at Tests.DisableArticlesTests.testDisableAllThirdLevel(DisableArticlesTests.java:653)</td></tr><tr><td width="15%">Tests.DisableArticlesTests</td><td width="15%">testDisableAllThirdLevel</td><td width="50%">org.openqa.selenium.NoSuchSessionException: invalid session id
  (Driver info: chromedriver=2.43.600229 (3fae4d0cda5334b4f533bede5a4787f7b832d052)</td></tr><tr><td width="15%">Tests.DisableArticlesTests</td><td width="15%">testSelectDatabaseButtonOnThirdLevel</td><td width="50%">java.lang.NullPointerException
	at Tests.DisableArticlesTests.testSelectDatabaseButtonOnThirdLevel(DisableArticlesTests.java:391)</td></tr><tr><td width="15%">Tests.DisableArticlesTests</td><td width="15%">testSelectDatabaseButtonOnThirdLevel</td><td width="50%">org.openqa.selenium.NoSuchSessionException: invalid session id
  (Driver info: chromedriver=2.43.600229 (3fae4d0cda5334b4f533bede5a4787f7b832d052)</td></tr><tr><td width="15%">Tests.DisableArticlesTests</td><td width="15%">testArticleOffForStudent</td><td width="50%">java.lang.NullPointerException
	at Tests.DisableArticlesTests.testArticleOffForStudent(DisableArticlesTests.java:1005)</td></tr><tr><td width="15%">Tests.DisableArticlesTests</td><td width="15%">testArticleOffForStudent</td><td width="50%">org.openqa.selenium.NoSuchSessionException: invalid session id
  (Driver info: chromedriver=2.43.600229 (3fae4d0cda5334b4f533bede5a4787f7b832d052)</td></tr><tr><td width="15%">Tests.DisableArticlesTests</td><td width="15%">testPreviousBreadcrumbFourthLevel</td><td width="50%">java.lang.NullPointerException
	at Tests.DisableArticlesTests.testPreviousBreadcrumbFourthLevel(DisableArticlesTests.java:576)</td></tr><tr><td width="15%">Tests.DisableArticlesTests</td><td width="15%">testPreviousBreadcrumbFourthLevel</td><td width="50%">org.openqa.selenium.NoSuchSessionException: invalid session id
  (Driver info: chromedriver=2.43.600229 (3fae4d0cda5334b4f533bede5a4787f7b832d052)</td></tr><tr><td width="15%">Tests.DisableArticlesTests</td><td width="15%">testCategoryOffForStudent</td><td width="50%">java.lang.NullPointerException
	at Tests.DisableArticlesTests.testCategoryOffForStudent(DisableArticlesTests.java:944)</td></tr><tr><td width="15%">Tests.DisableArticlesTests</td><td width="15%">testCategoryOffForStudent</td><td width="50%">org.openqa.selenium.NoSuchSessionException: invalid session id
  (Driver info: chromedriver=2.43.600229 (3fae4d0cda5334b4f533bede5a4787f7b832d052)</td></tr><tr><td width="15%">Tests.DisableArticlesTests</td><td width="15%">testSelectDatabaseButtonOnFirstLevel</td><td width="50%">java.lang.NullPointerException
	at Tests.DisableArticlesTests.testSelectDatabaseButtonOnFirstLevel(DisableArticlesTests.java:357)</td></tr><tr><td width="15%">Tests.DisableArticlesTests</td><td width="15%">testSelectDatabaseButtonOnFirstLevel</td><td width="50%">org.openqa.selenium.NoSuchSessionException: invalid session id
  (Driver info: chromedriver=2.43.600229 (3fae4d0cda5334b4f533bede5a4787f7b832d052)</td></tr><tr><td width="15%">Tests.DisableArticlesTests</td><td width="15%">testPreviousBreadcrumbSecondLevel</td><td width="50%">java.lang.NullPointerException
	at Tests.DisableArticlesTests.testPreviousBreadcrumbSecondLevel(DisableArticlesTests.java:552)</td></tr><tr><td width="15%">Tests.DisableArticlesTests</td><td width="15%">testPreviousBreadcrumbSecondLevel</td><td width="50%">org.openqa.selenium.NoSuchSessionException: invalid session id
  (Driver info: chromedriver=2.43.600229 (3fae4d0cda5334b4f533bede5a4787f7b832d052)</td></tr><tr><td width="15%">Tests.DisableArticlesTests</td><td width="15%">testCannotNavigateToTurnedOffArticle</td><td width="50%">java.lang.NullPointerException
	at Tests.DisableArticlesTests.testCannotNavigateToTurnedOffArticle(DisableArticlesTests.java:1013)</td></tr><tr><td width="15%">Tests.DisableArticlesTests</td><td width="15%">testCannotNavigateToTurnedOffArticle</td><td width="50%">org.openqa.selenium.NoSuchSessionException: invalid session id
  (Driver info: chromedriver=2.43.600229 (3fae4d0cda5334b4f533bede5a4787f7b832d052)</td></tr><tr><td width="15%">Tests.DisableArticlesTests</td><td width="15%">testDisableAllFourthLevel</td><td width="50%">java.lang.NullPointerException
	at Tests.DisableArticlesTests.testDisableAllFourthLevel(DisableArticlesTests.java:684)</td></tr><tr><td width="15%">Tests.DisableArticlesTests</td><td width="15%">testDisableAllFourthLevel</td><td width="50%">org.openqa.selenium.NoSuchSessionException: invalid session id
  (Driver info: chromedriver=2.43.600229 (3fae4d0cda5334b4f533bede5a4787f7b832d052)</td></tr><tr><td width="15%">Tests.DisableArticlesTests</td><td width="15%">testBubbleUpFunctionalityFourthLevel</td><td width="50%">java.lang.NullPointerException
	at Tests.DisableArticlesTests.testBubbleUpFunctionalityFourthLevel(DisableArticlesTests.java:799)</td></tr><tr><td width="15%">Tests.DisableArticlesTests</td><td width="15%">testBubbleUpFunctionalityFourthLevel</td><td width="50%">org.openqa.selenium.NoSuchSessionException: invalid session id
  (Driver info: chromedriver=2.43.600229 (3fae4d0cda5334b4f533bede5a4787f7b832d052)</td></tr><tr><td width="15%">Tests.DisableArticlesTests</td><td width="15%">testDisableAllSecondLevel</td><td width="50%">java.lang.NullPointerException
	at Tests.DisableArticlesTests.testDisableAllSecondLevel(DisableArticlesTests.java:643)</td></tr><tr><td width="15%">Tests.DisableArticlesTests</td><td width="15%">testDisableAllSecondLevel</td><td width="50%">org.openqa.selenium.NoSuchSessionException: invalid session id
  (Driver info: chromedriver=2.43.600229 (3fae4d0cda5334b4f533bede5a4787f7b832d052)</td></tr><tr><td width="15%">Tests.DisableArticlesTests</td><td width="15%">testDinosaursDatabaseLink</td><td width="50%">java.lang.NullPointerException
	at Tests.DisableArticlesTests.testDinosaursDatabaseLink(DisableArticlesTests.java:288)</td></tr><tr><td width="15%">Tests.DisableArticlesTests</td><td width="15%">testDinosaursDatabaseLink</td><td width="50%">org.openqa.selenium.NoSuchSessionException: invalid session id
  (Driver info: chromedriver=2.43.600229 (3fae4d0cda5334b4f533bede5a4787f7b832d052)</td></tr><tr><td width="15%">Tests.DisableArticlesTests</td><td width="15%">testSelectDatabaseButtonOnFourthLevel</td><td width="50%">java.lang.NullPointerException
	at Tests.DisableArticlesTests.testSelectDatabaseButtonOnFourthLevel(DisableArticlesTests.java:412)</td></tr><tr><td width="15%">Tests.DisableArticlesTests</td><td width="15%">testSelectDatabaseButtonOnFourthLevel</td><td width="50%">org.openqa.selenium.NoSuchSessionException: invalid session id
  (Driver info: chromedriver=2.43.600229 (3fae4d0cda5334b4f533bede5a4787f7b832d052)</td></tr><tr><td width="15%">Tests.DisableArticlesTests</td><td width="15%">testBubbleUpFunctionalitySecondLevel</td><td width="50%">java.lang.NullPointerException
	at Tests.DisableArticlesTests.testBubbleUpFunctionalitySecondLevel(DisableArticlesTests.java:735)</td></tr><tr><td width="15%">Tests.DisableArticlesTests</td><td width="15%">testBubbleUpFunctionalitySecondLevel</td><td width="50%">org.openqa.selenium.NoSuchSessionException: invalid session id
  (Driver info: chromedriver=2.43.600229 (3fae4d0cda5334b4f533bede5a4787f7b832d052)</td></tr><tr><td width="15%">Tests.DisableArticlesTests</td><td width="15%">testArticleStaysOn</td><td width="50%">java.lang.NullPointerException
	at Tests.DisableArticlesTests.testArticleStaysOn(DisableArticlesTests.java:897)</td></tr><tr><td width="15%">Tests.DisableArticlesTests</td><td width="15%">testArticleStaysOn</td><td width="50%">org.openqa.selenium.NoSuchSessionException: invalid session id
  (Driver info: chromedriver=2.43.600229 (3fae4d0cda5334b4f533bede5a4787f7b832d052)</td></tr><tr><td width="15%">Tests.DisableArticlesTests</td><td width="15%">testEnableAllSecondLevel</td><td width="50%">java.lang.NullPointerException
	at Tests.DisableArticlesTests.testEnableAllSecondLevel(DisableArticlesTests.java:628)</td></tr><tr><td width="15%">Tests.DisableArticlesTests</td><td width="15%">testEnableAllSecondLevel</td><td width="50%">org.openqa.selenium.NoSuchSessionException: invalid session id
  (Driver info: chromedriver=2.43.600229 (3fae4d0cda5334b4f533bede5a4787f7b832d052)</td></tr><tr><td width="15%">Tests.DisableArticlesTests</td><td width="15%">testScienceDatabaseLink</td><td width="50%">java.lang.NullPointerException
	at Tests.DisableArticlesTests.testScienceDatabaseLink(DisableArticlesTests.java:208)</td></tr><tr><td width="15%">Tests.DisableArticlesTests</td><td width="15%">testScienceDatabaseLink</td><td width="50%">org.openqa.selenium.NoSuchSessionException: invalid session id
  (Driver info: chromedriver=2.43.600229 (3fae4d0cda5334b4f533bede5a4787f7b832d052)</td></tr><tr><td width="15%">Tests.DisableArticlesTests</td><td width="15%">testSelectDatabaseButtonOnSecondLevel</td><td width="50%">java.lang.NullPointerException
	at Tests.DisableArticlesTests.testSelectDatabaseButtonOnSecondLevel(DisableArticlesTests.java:373)</td></tr><tr><td width="15%">Tests.DisableArticlesTests</td><td width="15%">testSelectDatabaseButtonOnSecondLevel</td><td width="50%">org.openqa.selenium.NoSuchSessionException: invalid session id
  (Driver info: chromedriver=2.43.600229 (3fae4d0cda5334b4f533bede5a4787f7b832d052)</td></tr><tr><td width="15%">Tests.DisableArticlesTests</td><td width="15%">testHomeBreadcrumbThirdLevel</td><td width="50%">java.lang.NullPointerException
	at Tests.DisableArticlesTests.testHomeBreadcrumbThirdLevel(DisableArticlesTests.java:521)</td></tr><tr><td width="15%">Tests.DisableArticlesTests</td><td width="15%">testHomeBreadcrumbThirdLevel</td><td width="50%">org.openqa.selenium.NoSuchSessionException: invalid session id
  (Driver info: chromedriver=2.43.600229 (3fae4d0cda5334b4f533bede5a4787f7b832d052)</td></tr><tr><td width="15%">Tests.DisableArticlesTests</td><td width="15%">testDatabaseBreadcrumbScience</td><td width="50%">java.lang.NullPointerException
	at Tests.DisableArticlesTests.testDatabaseBreadcrumbScience(DisableArticlesTests.java:446)</td></tr><tr><td width="15%">Tests.DisableArticlesTests</td><td width="15%">testDatabaseBreadcrumbScience</td><td width="50%">org.openqa.selenium.NoSuchSessionException: invalid session id
  (Driver info: chromedriver=2.43.600229 (3fae4d0cda5334b4f533bede5a4787f7b832d052)</td></tr><tr><td width="15%">Tests.DisableArticlesTests</td><td width="15%">testDatabaseBreadcrumbBiographies</td><td width="50%">java.lang.NullPointerException
	at Tests.DisableArticlesTests.testDatabaseBreadcrumbBiographies(DisableArticlesTests.java:458)</td></tr><tr><td width="15%">Tests.DisableArticlesTests</td><td width="15%">testDatabaseBreadcrumbBiographies</td><td width="50%">org.openqa.selenium.NoSuchSessionException: invalid session id
  (Driver info: chromedriver=2.43.600229 (3fae4d0cda5334b4f533bede5a4787f7b832d052)</td></tr><tr><td width="15%">Tests.DisableArticlesTests</td><td width="15%">testHomeBreadcrumbFourthLevel</td><td width="50%">java.lang.NullPointerException
	at Tests.DisableArticlesTests.testHomeBreadcrumbFourthLevel(DisableArticlesTests.java:536)</td></tr><tr><td width="15%">Tests.DisableArticlesTests</td><td width="15%">testHomeBreadcrumbFourthLevel</td><td width="50%">org.openqa.selenium.NoSuchSessionException: invalid session id
  (Driver info: chromedriver=2.43.600229 (3fae4d0cda5334b4f533bede5a4787f7b832d052)</td></tr><tr><td width="15%">Tests.DisableArticlesTests</td><td width="15%">testBiographiesDatabaseLink</td><td width="50%">java.lang.NullPointerException
	at Tests.DisableArticlesTests.testBiographiesDatabaseLink(DisableArticlesTests.java:235)</td></tr><tr><td width="15%">Tests.DisableArticlesTests</td><td width="15%">testBiographiesDatabaseLink</td><td width="50%">org.openqa.selenium.NoSuchSessionException: invalid session id
  (Driver info: chromedriver=2.43.600229 (3fae4d0cda5334b4f533bede5a4787f7b832d052)</td></tr><tr><td width="15%">Tests.DisableArticlesTests</td><td width="15%">testDatabaseBreadcrumbAnimales</td><td width="50%">java.lang.NullPointerException
	at Tests.DisableArticlesTests.testDatabaseBreadcrumbAnimales(DisableArticlesTests.java:494)</td></tr><tr><td width="15%">Tests.DisableArticlesTests</td><td width="15%">testDatabaseBreadcrumbAnimales</td><td width="50%">org.openqa.selenium.NoSuchSessionException: invalid session id
  (Driver info: chromedriver=2.43.600229 (3fae4d0cda5334b4f533bede5a4787f7b832d052)</td></tr><tr><td width="15%">Tests.DisableArticlesTests</td><td width="15%">testSelectDatabaseButtonOnDatabasePage</td><td width="50%">java.lang.NullPointerException
	at Tests.DisableArticlesTests.testSelectDatabaseButtonOnDatabasePage(DisableArticlesTests.java:346)</td></tr><tr><td width="15%">Tests.DisableArticlesTests</td><td width="15%">testSelectDatabaseButtonOnDatabasePage</td><td width="50%">org.openqa.selenium.NoSuchSessionException: invalid session id
  (Driver info: chromedriver=2.43.600229 (3fae4d0cda5334b4f533bede5a4787f7b832d052)</td></tr><tr><td width="15%">Tests.DisableArticlesTests</td><td width="15%">testCategoryStaysOn</td><td width="50%">java.lang.NullPointerException
	at Tests.DisableArticlesTests.testCategoryStaysOn(DisableArticlesTests.java:873)</td></tr><tr><td width="15%">Tests.DisableArticlesTests</td><td width="15%">testCategoryStaysOn</td><td width="50%">org.openqa.selenium.NoSuchSessionException: invalid session id
  (Driver info: chromedriver=2.43.600229 (3fae4d0cda5334b4f533bede5a4787f7b832d052)</td></tr><tr><td width="15%">Tests.DisableArticlesTests</td><td width="15%">testAnimalesDatabaseLink</td><td width="50%">java.lang.NullPointerException
	at Tests.DisableArticlesTests.testAnimalesDatabaseLink(DisableArticlesTests.java:315)</td></tr><tr><td width="15%">Tests.DisableArticlesTests</td><td width="15%">testAnimalesDatabaseLink</td><td width="50%">org.openqa.selenium.NoSuchSessionException: invalid session id
  (Driver info: chromedriver=2.43.600229 (3fae4d0cda5334b4f533bede5a4787f7b832d052)</td></tr><tr><td width="15%">Tests.DisableArticlesTests</td><td width="15%">testCannotNavigateToTurnedOffArticleByRandomWheel</td><td width="50%">java.lang.NullPointerException
	at Tests.DisableArticlesTests.testCannotNavigateToTurnedOffArticleByRandomWheel(DisableArticlesTests.java:1037)</td></tr><tr><td width="15%">Tests.DisableArticlesTests</td><td width="15%">testCannotNavigateToTurnedOffArticleByRandomWheel</td><td width="50%">org.openqa.selenium.NoSuchSessionException: invalid session id
  (Driver info: chromedriver=2.43.600229 (3fae4d0cda5334b4f533bede5a4787f7b832d052)</td></tr><tr><td width="15%">Tests.DisableArticlesTests</td><td width="15%">testHomeBreadcrumbSecondLevel</td><td width="50%">java.lang.NullPointerException
	at Tests.DisableArticlesTests.testHomeBreadcrumbSecondLevel(DisableArticlesTests.java:506)</td></tr><tr><td width="15%">Tests.DisableArticlesTests</td><td width="15%">testHomeBreadcrumbSecondLevel</td><td width="50%">org.openqa.selenium.NoSuchSessionException: invalid session id
  (Driver info: chromedriver=2.43.600229 (3fae4d0cda5334b4f533bede5a4787f7b832d052)</td></tr><tr><td width="15%">Tests.DisableArticlesTests</td><td width="15%">testCategoryStaysOnBubbleUp</td><td width="50%">java.lang.NullPointerException
	at Tests.DisableArticlesTests.testCategoryStaysOnBubbleUp(DisableArticlesTests.java:835)</td></tr><tr><td width="15%">Tests.DisableArticlesTests</td><td width="15%">testCategoryStaysOnBubbleUp</td><td width="50%">org.openqa.selenium.NoSuchSessionException: invalid session id
  (Driver info: chromedriver=2.43.600229 (3fae4d0cda5334b4f533bede5a4787f7b832d052)</td></tr><tr><td width="15%">Tests.DisableArticlesTests</td><td width="15%">turnOnAllElementsAfterTests</td><td width="50%">java.lang.NullPointerException
	at Tests.DisableArticlesTests.turnOnAllElementsAfterTests(DisableArticlesTests.java:1064)</td></tr><tr><td width="15%">Tests.DisableArticlesTests</td><td width="15%">turnOnAllElementsAfterTests</td><td width="50%">org.openqa.selenium.NoSuchSessionException: invalid session id
  (Driver info: chromedriver=2.43.600229 (3fae4d0cda5334b4f533bede5a4787f7b832d052)</td></tr><tr><td width="15%">Tests.DisableArticlesTests</td><td width="15%">testRelatedArticlesTabIsTurnedOff</td><td width="50%">java.lang.NullPointerException
	at Tests.DisableArticlesTests.testRelatedArticlesTabIsTurnedOff(DisableArticlesTests.java:1054)</td></tr><tr><td width="15%">Tests.DisableArticlesTests</td><td width="15%">testRelatedArticlesTabIsTurnedOff</td><td width="50%">org.openqa.selenium.NoSuchSessionException: invalid session id
  (Driver info: chromedriver=2.43.600229 (3fae4d0cda5334b4f533bede5a4787f7b832d052)</td></tr><tr><td width="15%">Tests.DisableArticlesTests</td><td width="15%">testDatabaseBreadcrumbSocialStudies</td><td width="50%">java.lang.NullPointerException
	at Tests.DisableArticlesTests.testDatabaseBreadcrumbSocialStudies(DisableArticlesTests.java:471)</td></tr><tr><td width="15%">Tests.DisableArticlesTests</td><td width="15%">testDatabaseBreadcrumbSocialStudies</td><td width="50%">org.openqa.selenium.NoSuchSessionException: invalid session id
  (Driver info: chromedriver=2.43.600229 (3fae4d0cda5334b4f533bede5a4787f7b832d052)</td></tr><tr><td width="15%">Tests.DisableArticlesTests</td><td width="15%">testBubbleUpFunctionalityThirdLevel</td><td width="50%">java.lang.NullPointerException
	at Tests.DisableArticlesTests.testBubbleUpFunctionalityThirdLevel(DisableArticlesTests.java:763)</td></tr><tr><td width="15%">Tests.DisableArticlesTests</td><td width="15%">testBubbleUpFunctionalityThirdLevel</td><td width="50%">org.openqa.selenium.NoSuchSessionException: invalid session id
  (Driver info: chromedriver=2.43.600229 (3fae4d0cda5334b4f533bede5a4787f7b832d052)</td></tr><tr><td width="15%">Tests.DisableArticlesTests</td><td width="15%">testDisableAll</td><td width="50%">java.lang.NullPointerException
	at Tests.DisableArticlesTests.testDisableAll(DisableArticlesTests.java:589)</td></tr><tr><td width="15%">Tests.DisableArticlesTests</td><td width="15%">testDisableAll</td><td width="50%">org.openqa.selenium.NoSuchSessionException: invalid session id
  (Driver info: chromedriver=2.43.600229 (3fae4d0cda5334b4f533bede5a4787f7b832d052)</td></tr><tr><td width="15%">Tests.DisableArticlesTests</td><td width="15%">testPreviousBreadcrumbThirdLevel</td><td width="50%">java.lang.NullPointerException
	at Tests.DisableArticlesTests.testPreviousBreadcrumbThirdLevel(DisableArticlesTests.java:563)</td></tr><tr><td width="15%">Tests.DisableArticlesTests</td><td width="15%">testPreviousBreadcrumbThirdLevel</td><td width="50%">org.openqa.selenium.NoSuchSessionException: invalid session id
  (Driver info: chromedriver=2.43.600229 (3fae4d0cda5334b4f533bede5a4787f7b832d052)</td></tr><tr><td width="15%">Tests.DisableArticlesTests</td><td width="15%">testDatabaseBreadcrumbAnimals</td><td width="50%">java.lang.NullPointerException
	at Tests.DisableArticlesTests.testDatabaseBreadcrumbAnimals(DisableArticlesTests.java:432)</td></tr><tr><td width="15%">Tests.DisableArticlesTests</td><td width="15%">testDatabaseBreadcrumbAnimals</td><td width="50%">org.openqa.selenium.NoSuchSessionException: invalid session id
  (Driver info: chromedriver=2.43.600229 (3fae4d0cda5334b4f533bede5a4787f7b832d052)</td></tr>
</table>
</body>
</html>
