<?xml version="1.0" encoding="UTF-8" ?>
<testsuite errors="0" failures="1" hostname="WillHall-MBPrd.roc.mn.charter.com" name="testWordScrambleCiencia(Tests.PGOGameTests)" skipped="0" tests="1" time="72.133" timestamp="2020-06-15T14:45:44">
  <properties />
  <testcase classname="TrueUserTests.TrueUser.DescriptionAsTest" name="testWordScrambleCiencia(Tests.PGOGameTests)" time="72.133">
    <error message="Expected condition failed: waiting for element to be clickable: By.id: start-button-link (tried for 15 second(s) with 500 milliseconds interval)" type="org.openqa.selenium.TimeoutException">org.openqa.selenium.TimeoutException: Expected condition failed: waiting for element to be clickable: By.id: start-button-link (tried for 15 second(s) with 500 milliseconds interval)
	at org.openqa.selenium.support.ui.WebDriverWait.timeoutException(WebDriverWait.java:82)
	at org.openqa.selenium.support.ui.FluentWait.until(FluentWait.java:272)
	at Tests.PGOGameTests.testWordScrambleCiencia(PGOGameTests.java:1634)
	at TrueUserTests.TrueUser.Retry$1.evaluate(Retry.java:24)
	at TrueUserTests.TrueUser.RegressionSuiteRunner.main(RegressionSuiteRunner.java:158)
Caused by: org.openqa.selenium.NoSuchElementException: Cannot locate an element using By.id: start-button-link
For documentation on this error, please visit: http://seleniumhq.org/exceptions/no_such_element.html
Build info: version: &apos;3.10.0&apos;, revision: &apos;176b4a9&apos;, time: &apos;2018-03-02T19:11:12.151Z&apos;
System info: host: &apos;WillHall-MBPrd.roc.mn.charter.com&apos;, ip: &apos;2600:6c46:7800:954:59ac:d5fb:e9a6:82fb%en0&apos;, os.name: &apos;Mac OS X&apos;, os.arch: &apos;x86_64&apos;, os.version: &apos;10.14.6&apos;, java.version: &apos;1.8.0_181&apos;
Driver info: driver.version: unknown
	at org.openqa.selenium.support.ui.ExpectedConditions.lambda$findElement$0(ExpectedConditions.java:896)
	at java.util.Optional.orElseThrow(Optional.java:290)
	at org.openqa.selenium.support.ui.ExpectedConditions.findElement(ExpectedConditions.java:895)
	at org.openqa.selenium.support.ui.ExpectedConditions.access$000(ExpectedConditions.java:44)
	at org.openqa.selenium.support.ui.ExpectedConditions$7.apply(ExpectedConditions.java:206)
	at org.openqa.selenium.support.ui.ExpectedConditions$7.apply(ExpectedConditions.java:202)
	at org.openqa.selenium.support.ui.ExpectedConditions$22.apply(ExpectedConditions.java:657)
	at org.openqa.selenium.support.ui.ExpectedConditions$22.apply(ExpectedConditions.java:654)
	at org.openqa.selenium.support.ui.FluentWait.until(FluentWait.java:249)
</error>
  </testcase>
  <system-out><![CDATA[We set up the folder
The value for the webdriver isChromeDriver: chrome on MAC (540e2784508d4b1ab09865ff9126dfd1)
Screenshot should be taken for: testWordScrambleCiencia(Tests.PGOGameTests)
Setting up chrome browser
The value of local is:true
I set up the iOS chrome driver
I set up a chrome browser
https://staging.pebblego.com
testWordScrambleCiencia(Tests.PGOGameTests) is restarting
We set up the folder
The value for the webdriver isChromeDriver: chrome on MAC (4529af193dcd35795cca43c6795dedf0)
Screenshot should be taken for: testWordScrambleCiencia(Tests.PGOGameTests)
Setting up chrome browser
The value of local is:true
I set up the iOS chrome driver
I set up a chrome browser
https://staging.pebblego.com
testWordScrambleCiencia(Tests.PGOGameTests) is restarting
We set up the folder
The value for the webdriver isChromeDriver: chrome on MAC (bfad6b50f2b872fa81ac1c752d010b30)
Screenshot should be taken for: testWordScrambleCiencia(Tests.PGOGameTests)
Setting up chrome browser
The value of local is:true
I set up the iOS chrome driver
I set up a chrome browser
https://staging.pebblego.com
testWordScrambleCiencia(Tests.PGOGameTests) is restarting
 ====================================== Mon Jun 15 09:46:56 CDT 2020 === Execution of test case failed :testWordScrambleCiencia
 ====================================== Mon Jun 15 09:46:56 CDT 2020 === Finished execution of test case : testWordScrambleCiencia
]]></system-out>
  <system-err><![CDATA[Starting ChromeDriver 2.43.600229 (3fae4d0cda5334b4f533bede5a4787f7b832d052) on port 12322
Only local connections are allowed.
Starting ChromeDriver 2.43.600229 (3fae4d0cda5334b4f533bede5a4787f7b832d052) on port 6338
Only local connections are allowed.
Starting ChromeDriver 2.43.600229 (3fae4d0cda5334b4f533bede5a4787f7b832d052) on port 10382
Only local connections are allowed.
]]></system-err>
</testsuite>
