<?xml version="1.0" encoding="UTF-8" ?>
<testsuite errors="0" failures="1" hostname="WillHall-MBPrd.roc.mn.charter.com" name="testTeacherCredentials(Tests.LoginTests)" skipped="0" tests="1" time="63.037" timestamp="2020-06-15T15:15:00">
  <properties />
  <testcase classname="TrueUserTests.TrueUser.DescriptionAsTest" name="testTeacherCredentials(Tests.LoginTests)" time="63.037">
    <error message="Tests that a teacher can sign in and is taken to the teacher homepage" type="java.lang.AssertionError">java.lang.AssertionError: Tests that a teacher can sign in and is taken to the teacher homepage
	at Tests.LoginTests.testTeacherCredentials(LoginTests.java:84)
	at TrueUserTests.TrueUser.Retry$1.evaluate(Retry.java:24)
	at TrueUserTests.TrueUser.RegressionSuiteRunner.main(RegressionSuiteRunner.java:158)
</error>
  </testcase>
  <system-out><![CDATA[By.linkText: Disable Articles
By.linkText: Logout
By.linkText: Article Views
By.linkText: Article Popularity
By.linkText: Game Usage
By.linkText: Access
By.linkText: Subscriptions
By.linkText: Top Content
By.linkText: Link Accounts
We set up the folder
The value for the webdriver isChromeDriver: chrome on MAC (4983ed640ead88672fc7b567bbc18e59)
Screenshot should be taken for: testTeacherCredentials(Tests.LoginTests)
Setting up chrome browser
The value of local is:true
I set up the iOS chrome driver
I set up a chrome browser
https://staging.pebblego.com
We set up the folder
The value for the webdriver isChromeDriver: chrome on MAC (4344b8c675533837603057bd1372b673)
Screenshot should be taken for: FailureToRunExecuteBeforeForLoginTests
testTeacherCredentials(Tests.LoginTests) is restarting
By.linkText: Disable Articles
By.linkText: Logout
By.linkText: Article Views
By.linkText: Article Popularity
By.linkText: Game Usage
By.linkText: Access
By.linkText: Subscriptions
By.linkText: Top Content
By.linkText: Link Accounts
We set up the folder
The value for the webdriver isChromeDriver: chrome on MAC (4344b8c675533837603057bd1372b673)
Screenshot should be taken for: testTeacherCredentials(Tests.LoginTests)
Setting up chrome browser
The value of local is:true
I set up the iOS chrome driver
I set up a chrome browser
https://staging.pebblego.com
We set up the folder
The value for the webdriver isChromeDriver: chrome on MAC (52d5f3f1ad5779ddbd27aab2095cf0e5)
Screenshot should be taken for: FailureToRunExecuteBeforeForLoginTests
testTeacherCredentials(Tests.LoginTests) is restarting
By.linkText: Disable Articles
By.linkText: Logout
By.linkText: Article Views
By.linkText: Article Popularity
By.linkText: Game Usage
By.linkText: Access
By.linkText: Subscriptions
By.linkText: Top Content
By.linkText: Link Accounts
We set up the folder
The value for the webdriver isChromeDriver: chrome on MAC (52d5f3f1ad5779ddbd27aab2095cf0e5)
Screenshot should be taken for: testTeacherCredentials(Tests.LoginTests)
Setting up chrome browser
The value of local is:true
I set up the iOS chrome driver
I set up a chrome browser
https://staging.pebblego.com
We set up the folder
The value for the webdriver isChromeDriver: chrome on MAC (3c02ff1cda09f41eef84959b5bf59bec)
Screenshot should be taken for: FailureToRunExecuteBeforeForLoginTests
testTeacherCredentials(Tests.LoginTests) is restarting
 ====================================== Mon Jun 15 10:16:03 CDT 2020 === Execution of test case failed :testTeacherCredentials
 ====================================== Mon Jun 15 10:16:03 CDT 2020 === Finished execution of test case : testTeacherCredentials
]]></system-out>
  <system-err><![CDATA[Starting ChromeDriver 2.43.600229 (3fae4d0cda5334b4f533bede5a4787f7b832d052) on port 21343
Only local connections are allowed.
Starting ChromeDriver 2.43.600229 (3fae4d0cda5334b4f533bede5a4787f7b832d052) on port 23452
Only local connections are allowed.
Starting ChromeDriver 2.43.600229 (3fae4d0cda5334b4f533bede5a4787f7b832d052) on port 43367
Only local connections are allowed.
]]></system-err>
</testsuite>
