<?xml version="1.0" encoding="UTF-8" ?>
<testsuite errors="0" failures="1" hostname="WillHall-MBPrd.roc.mn.charter.com" name="testQuickMatchSocialStudies(Tests.PGOGameTests)" skipped="0" tests="1" time="69.585" timestamp="2020-06-14T14:17:08">
  <properties />
  <testcase classname="TrueUserTests.TrueUser.DescriptionAsTest" name="testQuickMatchSocialStudies(Tests.PGOGameTests)" time="69.585">
    <error message="Expected condition failed: waiting for visibility of element located by By.xpath: //*[@id=&quot;start-button-link&quot;]/div (tried for 15 second(s) with 500 milliseconds interval)" type="org.openqa.selenium.TimeoutException">org.openqa.selenium.TimeoutException: Expected condition failed: waiting for visibility of element located by By.xpath: //*[@id=&quot;start-button-link&quot;]/div (tried for 15 second(s) with 500 milliseconds interval)
	at org.openqa.selenium.support.ui.WebDriverWait.timeoutException(WebDriverWait.java:82)
	at org.openqa.selenium.support.ui.FluentWait.until(FluentWait.java:272)
	at Tests.PGOGameTests.testQuickMatchSocialStudies(PGOGameTests.java:617)
	at TrueUserTests.TrueUser.Retry$1.evaluate(Retry.java:24)
	at TrueUserTests.TrueUser.RegressionSuiteRunner.main(RegressionSuiteRunner.java:158)
Caused by: org.openqa.selenium.NoSuchElementException: Cannot locate an element using By.xpath: //*[@id=&quot;start-button-link&quot;]/div
For documentation on this error, please visit: http://seleniumhq.org/exceptions/no_such_element.html
Build info: version: &apos;3.10.0&apos;, revision: &apos;176b4a9&apos;, time: &apos;2018-03-02T19:11:12.151Z&apos;
System info: host: &apos;WillHall-MBPrd.roc.mn.charter.com&apos;, ip: &apos;2600:6c46:7800:954:59ac:d5fb:e9a6:82fb%en0&apos;, os.name: &apos;Mac OS X&apos;, os.arch: &apos;x86_64&apos;, os.version: &apos;10.14.6&apos;, java.version: &apos;1.8.0_181&apos;
Driver info: driver.version: unknown
	at org.openqa.selenium.support.ui.ExpectedConditions.lambda$findElement$0(ExpectedConditions.java:896)
	at java.util.Optional.orElseThrow(Optional.java:290)
	at org.openqa.selenium.support.ui.ExpectedConditions.findElement(ExpectedConditions.java:895)
	at org.openqa.selenium.support.ui.ExpectedConditions.access$000(ExpectedConditions.java:44)
	at org.openqa.selenium.support.ui.ExpectedConditions$7.apply(ExpectedConditions.java:206)
	at org.openqa.selenium.support.ui.ExpectedConditions$7.apply(ExpectedConditions.java:202)
	at org.openqa.selenium.support.ui.FluentWait.until(FluentWait.java:249)
</error>
  </testcase>
  <system-out><![CDATA[We set up the folder
The value for the webdriver isChromeDriver: chrome on MAC (58b7c51bdc99258af030ee4a17e95349)
Screenshot should be taken for: testQuickMatchSocialStudies(Tests.PGOGameTests)
Setting up chrome browser
The value of local is:true
I set up the iOS chrome driver
I set up a chrome browser
https://staging.pebblego.com
testQuickMatchSocialStudies(Tests.PGOGameTests) is restarting
We set up the folder
The value for the webdriver isChromeDriver: chrome on MAC (4b5487a7b0458749f3d2ec64bbe56f24)
Screenshot should be taken for: testQuickMatchSocialStudies(Tests.PGOGameTests)
Setting up chrome browser
The value of local is:true
I set up the iOS chrome driver
I set up a chrome browser
https://staging.pebblego.com
testQuickMatchSocialStudies(Tests.PGOGameTests) is restarting
We set up the folder
The value for the webdriver isChromeDriver: chrome on MAC (7f30f216c5193aae52eea9cee5912d8b)
Screenshot should be taken for: testQuickMatchSocialStudies(Tests.PGOGameTests)
Setting up chrome browser
The value of local is:true
I set up the iOS chrome driver
I set up a chrome browser
https://staging.pebblego.com
testQuickMatchSocialStudies(Tests.PGOGameTests) is restarting
 ====================================== Sun Jun 14 09:18:17 CDT 2020 === Execution of test case failed :testQuickMatchSocialStudies
 ====================================== Sun Jun 14 09:18:17 CDT 2020 === Finished execution of test case : testQuickMatchSocialStudies
]]></system-out>
  <system-err><![CDATA[Starting ChromeDriver 2.43.600229 (3fae4d0cda5334b4f533bede5a4787f7b832d052) on port 45304
Only local connections are allowed.
Starting ChromeDriver 2.43.600229 (3fae4d0cda5334b4f533bede5a4787f7b832d052) on port 45675
Only local connections are allowed.
Starting ChromeDriver 2.43.600229 (3fae4d0cda5334b4f533bede5a4787f7b832d052) on port 1560
Only local connections are allowed.
]]></system-err>
</testsuite>
