<!doctype html>
<html>
<head>
<title>Test Results</title>
<body>
<h3 align="center"> Failing Tests</h3>
<p align="center"> This report was created at 2020/02/22 22:04:35</p>
<p align="center"> The ALL test suite was run on the staging environment</p>

<table frame="box" align="center" border="1">
<thead align="left">
<th width="15%">Class Name</th>
<th width="15%">Test Name</th>
<th width="70%">Notes</th>
</thead>
<tr><td width="15%">Tests.HomepageTests</td><td width="15%">testLoginPageElementsPresent</td><td width="50%">org.openqa.selenium.TimeoutException: Expected condition failed: waiting for visibility of all elements located by By.linkText: About Us (tried for 15 second(s)</td></tr><tr><td width="15%">Tests.HomepageTests</td><td width="15%">testFooterMenuElementsPresent</td><td width="50%">org.openqa.selenium.TimeoutException: Expected condition failed: waiting for visibility of all elements located by By.linkText: About Us (tried for 15 second(s)</td></tr><tr><td width="15%">Tests.HomepageTests</td><td width="15%">testNavigationBarElementsPresent</td><td width="50%">org.openqa.selenium.TimeoutException: Expected condition failed: waiting for visibility of all elements located by By.linkText: About Us (tried for 15 second(s)</td></tr><tr><td width="15%">Tests.HomepageTests</td><td width="15%">testHoverOverAnimals</td><td width="50%">org.openqa.selenium.TimeoutException: Expected condition failed: waiting for visibility of all elements located by By.linkText: About Us (tried for 15 second(s)</td></tr><tr><td width="15%">Tests.HomepageTests</td><td width="15%">testHoverOverAnimales</td><td width="50%">org.openqa.selenium.TimeoutException: Expected condition failed: waiting for visibility of all elements located by By.linkText: About Us (tried for 15 second(s)</td></tr><tr><td width="15%">Tests.HomepageTests</td><td width="15%">testHoverOverScience</td><td width="50%">org.openqa.selenium.TimeoutException: Expected condition failed: waiting for visibility of all elements located by By.linkText: About Us (tried for 15 second(s)</td></tr><tr><td width="15%">Tests.HomepageTests</td><td width="15%">testHoverOverCienciaElement</td><td width="50%">org.openqa.selenium.TimeoutException: Expected condition failed: waiting for visibility of all elements located by By.linkText: About Us (tried for 15 second(s)</td></tr><tr><td width="15%">Tests.HomepageTests</td><td width="15%">testHoverOverBiographies</td><td width="50%">org.openqa.selenium.TimeoutException: Expected condition failed: waiting for visibility of all elements located by By.linkText: About Us (tried for 15 second(s)</td></tr><tr><td width="15%">Tests.HomepageTests</td><td width="15%">testHoverOverBiografias</td><td width="50%">org.openqa.selenium.TimeoutException: Expected condition failed: waiting for visibility of all elements located by By.linkText: About Us (tried for 15 second(s)</td></tr><tr><td width="15%">Tests.HomepageTests</td><td width="15%">testHoverOverSocialStudies</td><td width="50%">org.openqa.selenium.TimeoutException: Expected condition failed: waiting for visibility of all elements located by By.linkText: About Us (tried for 15 second(s)</td></tr><tr><td width="15%">Tests.HomepageTests</td><td width="15%">testHoverOverEstudiosSociales</td><td width="50%">org.openqa.selenium.TimeoutException: Expected condition failed: waiting for visibility of all elements located by By.linkText: About Us (tried for 15 second(s)</td></tr><tr><td width="15%">Tests.HomepageTests</td><td width="15%">testHoverOverDinosaurs</td><td width="50%">org.openqa.selenium.TimeoutException: Expected condition failed: waiting for visibility of all elements located by By.linkText: About Us (tried for 15 second(s)</td></tr><tr><td width="15%">Tests.HomepageTests</td><td width="15%">testAnimalsPDF</td><td width="50%">org.openqa.selenium.TimeoutException: Expected condition failed: waiting for visibility of all elements located by By.linkText: About Us (tried for 15 second(s)</td></tr><tr><td width="15%">Tests.HomepageTests</td><td width="15%">testAnimalesPDF</td><td width="50%">org.openqa.selenium.TimeoutException: Expected condition failed: waiting for visibility of all elements located by By.linkText: About Us (tried for 15 second(s)</td></tr><tr><td width="15%">Tests.HomepageTests</td><td width="15%">testBiographiesPDF</td><td width="50%">org.openqa.selenium.TimeoutException: Expected condition failed: waiting for visibility of all elements located by By.linkText: About Us (tried for 15 second(s)</td></tr><tr><td width="15%">Tests.HomepageTests</td><td width="15%">testBiografiasPDF</td><td width="50%">org.openqa.selenium.TimeoutException: Expected condition failed: waiting for visibility of all elements located by By.linkText: About Us (tried for 15 second(s)</td></tr><tr><td width="15%">Tests.HomepageTests</td><td width="15%">testSciencePDF</td><td width="50%">org.openqa.selenium.TimeoutException: Expected condition failed: waiting for visibility of all elements located by By.linkText: About Us (tried for 15 second(s)</td></tr><tr><td width="15%">Tests.HomepageTests</td><td width="15%">testCienciaPDF</td><td width="50%">org.openqa.selenium.TimeoutException: Expected condition failed: waiting for visibility of all elements located by By.linkText: About Us (tried for 15 second(s)</td></tr><tr><td width="15%">Tests.HomepageTests</td><td width="15%">testSocialStudiesPDF</td><td width="50%">org.openqa.selenium.TimeoutException: Expected condition failed: waiting for visibility of all elements located by By.linkText: About Us (tried for 15 second(s)</td></tr><tr><td width="15%">Tests.HomepageTests</td><td width="15%">testEstudiosSocialesPDF</td><td width="50%">org.openqa.selenium.TimeoutException: Expected condition failed: waiting for visibility of all elements located by By.linkText: About Us (tried for 15 second(s)</td></tr><tr><td width="15%">Tests.HomepageTests</td><td width="15%">testDinosaursLinkPDF</td><td width="50%">org.openqa.selenium.TimeoutException: Expected condition failed: waiting for visibility of all elements located by By.linkText: About Us (tried for 15 second(s)</td></tr><tr><td width="15%">Tests.HomepageTests</td><td width="15%">testFreeTrialLink</td><td width="50%">org.openqa.selenium.TimeoutException: Expected condition failed: waiting for visibility of all elements located by By.linkText: About Us (tried for 15 second(s)</td></tr><tr><td width="15%">Tests.HomepageTests</td><td width="15%">testPebbleGoNextLink</td><td width="50%">org.openqa.selenium.TimeoutException: Expected condition failed: waiting for visibility of all elements located by By.linkText: About Us (tried for 15 second(s)</td></tr><tr><td width="15%">Tests.HomepageTests</td><td width="15%">testHomePageBottomCommunityLink</td><td width="50%">org.openqa.selenium.TimeoutException: Expected condition failed: waiting for visibility of all elements located by By.linkText: About Us (tried for 15 second(s)</td></tr>
</table>
</body>
</html>
